<?xml version="1.0" encoding="UTF-8"?>
<testsuite xmlns:xsi="http://www.w3.org/2001/XMLSchema-instance" xsi:noNamespaceSchemaLocation="https://maven.apache.org/surefire/maven-surefire-plugin/xsd/surefire-test-report-3.0.xsd" version="3.0" name="com.springboot.web.SpringbootwebApplicationTests" time="5.513" tests="1" errors="0" skipped="0" failures="0">
  <properties>
[...]
</properties>
  <testcase name="contextLoads" classname="com.springboot.web.SpringbootwebApplicationTests" time="1.626">
    <system-out><![CDATA[10:00:46.873 [main] INFO org.springframework.test.context.support.AnnotationConfigContextLoaderUtils -- Could not detect default configuration classes for test class [com.springboot.web.SpringbootwebApplicationTests]: SpringbootwebApplicationTests does not declare any static, non-private, non-final, nested classes annotated with @Configuration.
10:00:47.108 [main] INFO org.springframework.boot.test.context.SpringBootTestContextBootstrapper -- Found @SpringBootConfiguration com.springboot.web.SpringbootwebApplication for test class com.springboot.web.SpringbootwebApplicationTests

  .   ____          _            __ _ _
 /\\ / ___'_ __ _ _(_)_ __  __ _ \ \ \ \
( ( )\___ | '_ | '_| | '_ \/ _` | \ \ \ \
 \\/  ___)| |_)| | | | | || (_| |  ) ) ) )
  '  |____| .__|_| |_|_| |_\__, | / / / /
 =========|_|==============|___/=/_/_/_/

 :: Spring Boot ::                (v3.3.3)

2024-09-18T10:00:48.052+05:30  INFO 17572 --- [springbootweb] [           main] c.s.web.SpringbootwebApplicationTests    : Starting SpringbootwebApplicationTests using Java 17.0.10 with PID 17572 (started by hp in D:\zfile\springbootweb)
2024-09-18T10:00:48.058+05:30  INFO 17572 --- [springbootweb] [           main] c.s.web.SpringbootwebApplicationTests    : No active profile set, falling back to 1 default profile: "default"
2024-09-18T10:00:50.323+05:30  INFO 17572 --- [springbootweb] [           main] c.s.web.SpringbootwebApplicationTests    : Started SpringbootwebApplicationTests in 2.863 seconds (process running for 4.921)
]]></system-out>
  </testcase>
</testsuite>